        -:    0:Source:src/count_gc.c
        -:    0:Graph:.pio/build/redv-vp/src/count_gc.gcno
        -:    0:Data:.pio/build/redv-vp/src/count_gc.gcda
        -:    0:Runs:0
        -:    0:Programs:0
function waitcount called 20 returned 100% blocks executed 100%
       20:    1:void waitcount()
        -:    2:{
       20:    3:	volatile int i = 0, j = 0;
      84k:    4:	for (i = 0; i < 4210; i++)
branch  0 taken 99%
branch  1 taken 1% (fallthrough)
        -:    5:	{
      84k:    6:		if (i > 200)
branch  0 taken 95% (fallthrough)
branch  1 taken 5%
        -:    7:		{
      80k:    8:			j++; 
        -:    9:		}
        -:   10:		else
        -:   11:		{
       4k:   12:			j--;
        -:   13:		}
        -:   14:	}
       20:   15:}
        -:   16: 
